<?xml version="1.0" encoding="UTF-8"?>
<!-- Generated by org.testng.reporters.JUnitReportReporter -->
<testsuite hostname="PratapDell" failures="0" tests="1" name="test.A" time="0.020" errors="0" timestamp="2022-01-21T00:19:24 IST" skipped="0">
  <testcase classname="test.A" name="main" time="0.020"/>
  <system-out/>
</testsuite> <!-- test.A -->
