<?xml version="1.0" encoding="UTF-8"?>
<!-- Generated by org.testng.reporters.JUnitReportReporter -->
<testsuite hostname="PratapDell" failures="0" tests="1" name="test.WebTablesTest2" time="40.235" errors="0" timestamp="2022-01-21T00:44:49 IST" skipped="0">
  <testcase classname="test.WebTablesTest2" name="TableTest2" time="40.235"/>
  <system-out/>
</testsuite> <!-- test.WebTablesTest2 -->
