<?xml version="1.0" encoding="UTF-8"?>
<!-- Generated by org.testng.reporters.JUnitReportReporter -->
<testsuite hostname="PratapDell" failures="0" tests="1" name="test.WebTableTest1" time="43.458" errors="0" timestamp="2022-01-27T03:33:19 IST" skipped="0">
  <testcase classname="test.WebTableTest1" name="TestT" time="43.458"/>
  <system-out/>
</testsuite> <!-- test.WebTableTest1 -->
