<?xml version="1.0" encoding="UTF-8"?>
<!-- Generated by org.testng.reporters.JUnitReportReporter -->
<testsuite hostname="PratapDell" failures="0" tests="1" name="test.CollectionTest" time="0.020" errors="0" timestamp="2022-01-22T03:52:23 IST" skipped="0">
  <testcase classname="test.CollectionTest" name="CollnTestM" time="0.020"/>
  <system-out/>
</testsuite> <!-- test.CollectionTest -->
