<?xml version="1.0" encoding="UTF-8"?>
<!-- Generated by org.testng.reporters.JUnitReportReporter -->
<testsuite hostname="PratapDell" failures="0" tests="2" name="test.ParameterTest" time="0.032" errors="0" timestamp="2022-01-21T04:09:15 IST" skipped="0">
  <testcase classname="test.ParameterTest" name="Test5" time="0.024"/>
  <system-out/>
  <testcase classname="test.ParameterTest" name="Test6" time="0.008"/>
  <system-out/>
</testsuite> <!-- test.ParameterTest -->
