<?xml version="1.0" encoding="UTF-8"?>
<!-- Generated by org.testng.reporters.JUnitReportReporter -->
<testsuite hostname="PratapDell" failures="0" tests="1" name="test.LoggerTest" time="19.520" errors="0" timestamp="2022-01-21T00:44:49 IST" skipped="0">
  <testcase classname="test.LoggerTest" name="Test1Login" time="19.520"/>
  <system-out/>
</testsuite> <!-- test.LoggerTest -->
