<?xml version="1.0" encoding="UTF-8"?>
<!-- Generated by org.testng.reporters.JUnitReportReporter -->
<testsuite hostname="PratapDell" failures="0" tests="1" name="test.CollectionList3Imp" time="0.031" errors="0" timestamp="2022-01-23T01:05:51 IST" skipped="0">
  <testcase classname="test.CollectionList3Imp" name="CollnTestM" time="0.031"/>
  <system-out/>
</testsuite> <!-- test.CollectionList3Imp -->
