<?xml version="1.0" encoding="UTF-8"?>
<!-- Generated by org.testng.reporters.JUnitReportReporter -->
<testsuite hostname="PratapDell" failures="0" tests="1" name="test.CollectionTest1" time="0.029" errors="0" timestamp="2022-01-24T00:39:35 IST" skipped="0">
  <testcase classname="test.CollectionTest1" name="CollnTestM" time="0.029"/>
  <system-out/>
</testsuite> <!-- test.CollectionTest1 -->
