<?xml version="1.0" encoding="UTF-8"?>
<!-- Generated by org.testng.reporters.JUnitReportReporter -->
<testsuite hostname="PratapDell" failures="0" tests="1" name="test.WebTableTest2" time="48.810" errors="0" timestamp="2022-01-27T03:36:40 IST" skipped="0">
  <testcase classname="test.WebTableTest2" name="TableTest2" time="48.810"/>
  <system-out/>
</testsuite> <!-- test.WebTableTest2 -->
