<?xml version="1.0" encoding="UTF-8"?>
<!-- Generated by org.testng.reporters.JUnitReportReporter -->
<testsuite hostname="PratapDell" failures="0" tests="2" name="test.DataProviderTest" time="26.036" errors="0" timestamp="2022-01-27T00:07:18 IST" skipped="0">
  <testcase classname="test.DataProviderTest" name="Test7" time="12.005"/>
  <system-out/>
  <testcase classname="test.DataProviderTest" name="Test7" time="14.031"/>
  <system-out/>
</testsuite> <!-- test.DataProviderTest -->
