<?xml version="1.0" encoding="UTF-8"?>
<!-- Generated by org.testng.reporters.JUnitReportReporter -->
<testsuite hostname="PratapDell" failures="0" tests="1" name="Utilities.webTablesTest2" time="18.855" errors="0" timestamp="2022-01-19T20:15:24 IST" skipped="0">
  <testcase classname="Utilities.webTablesTest2" name="TableTest2" time="18.855"/>
  <system-out/>
</testsuite> <!-- Utilities.webTablesTest2 -->
