<?xml version="1.0" encoding="UTF-8"?>
<!-- Generated by org.testng.reporters.JUnitReportReporter -->
<testsuite hostname="PratapDell" failures="0" tests="2" name="test.CollectionTest2" time="0.026" errors="0" timestamp="2022-01-23T23:30:55 IST" skipped="0">
  <testcase classname="test.CollectionTest2" name="ABCD2" time="0.004"/>
  <system-out/>
  <testcase classname="test.CollectionTest2" name="ABCD" time="0.022"/>
  <system-out/>
</testsuite> <!-- test.CollectionTest2 -->
